mode: set
github.com/yourusername/truecaller-lite/cmd/truecaller-lite/main.go:5.13,7.2 1 0
github.com/yourusername/truecaller-lite/pkg/dao/mock/phonebook_dao_mock.go:15.108,16.40 1 0
github.com/yourusername/truecaller-lite/pkg/dao/mock/phonebook_dao_mock.go:16.40,18.3 1 0
github.com/yourusername/truecaller-lite/pkg/dao/mock/phonebook_dao_mock.go:19.2,19.12 1 0
github.com/yourusername/truecaller-lite/pkg/dao/mock/phonebook_dao_mock.go:22.126,23.46 1 0
github.com/yourusername/truecaller-lite/pkg/dao/mock/phonebook_dao_mock.go:23.46,25.3 1 0
github.com/yourusername/truecaller-lite/pkg/dao/mock/phonebook_dao_mock.go:26.2,26.17 1 0
github.com/yourusername/truecaller-lite/pkg/dao/mock/user_dao_mock.go:17.88,18.35 1 0
github.com/yourusername/truecaller-lite/pkg/dao/mock/user_dao_mock.go:18.35,20.3 1 0
github.com/yourusername/truecaller-lite/pkg/dao/mock/user_dao_mock.go:21.2,21.12 1 0
github.com/yourusername/truecaller-lite/pkg/dao/mock/user_dao_mock.go:24.107,25.37 1 0
github.com/yourusername/truecaller-lite/pkg/dao/mock/user_dao_mock.go:25.37,27.3 1 0
github.com/yourusername/truecaller-lite/pkg/dao/mock/user_dao_mock.go:28.2,28.17 1 0
github.com/yourusername/truecaller-lite/pkg/dao/mock/user_dao_mock.go:31.80,32.28 1 0
github.com/yourusername/truecaller-lite/pkg/dao/mock/user_dao_mock.go:32.28,34.3 1 0
github.com/yourusername/truecaller-lite/pkg/dao/mock/user_dao_mock.go:35.2,35.17 1 0
github.com/yourusername/truecaller-lite/pkg/dao/mock/user_dao_mock.go:38.100,39.33 1 0
github.com/yourusername/truecaller-lite/pkg/dao/mock/user_dao_mock.go:39.33,41.3 1 0
github.com/yourusername/truecaller-lite/pkg/dao/mock/user_dao_mock.go:42.2,42.12 1 0
github.com/yourusername/truecaller-lite/pkg/dao/mem/phonebook_mem.go:20.44,24.2 1 1
github.com/yourusername/truecaller-lite/pkg/dao/mem/phonebook_mem.go:27.102,28.22 1 1
github.com/yourusername/truecaller-lite/pkg/dao/mem/phonebook_mem.go:28.22,30.3 1 1
github.com/yourusername/truecaller-lite/pkg/dao/mem/phonebook_mem.go:31.2,31.38 1 1
github.com/yourusername/truecaller-lite/pkg/dao/mem/phonebook_mem.go:31.38,33.3 1 1
github.com/yourusername/truecaller-lite/pkg/dao/mem/phonebook_mem.go:34.2,35.17 2 1
github.com/yourusername/truecaller-lite/pkg/dao/mem/phonebook_mem.go:35.17,37.3 1 0
github.com/yourusername/truecaller-lite/pkg/dao/mem/phonebook_mem.go:38.2,43.12 5 1
github.com/yourusername/truecaller-lite/pkg/dao/mem/phonebook_mem.go:47.127,48.22 1 1
github.com/yourusername/truecaller-lite/pkg/dao/mem/phonebook_mem.go:48.22,50.3 1 0
github.com/yourusername/truecaller-lite/pkg/dao/mem/phonebook_mem.go:51.2,54.9 4 1
github.com/yourusername/truecaller-lite/pkg/dao/mem/phonebook_mem.go:54.9,56.3 1 1
github.com/yourusername/truecaller-lite/pkg/dao/mem/phonebook_mem.go:58.2,59.21 2 1
github.com/yourusername/truecaller-lite/pkg/dao/mem/user_mem.go:20.34,24.2 1 1
github.com/yourusername/truecaller-lite/pkg/dao/mem/user_mem.go:27.89,28.22 1 1
github.com/yourusername/truecaller-lite/pkg/dao/mem/user_mem.go:28.22,30.3 1 1
github.com/yourusername/truecaller-lite/pkg/dao/mem/user_mem.go:31.2,31.40 1 1
github.com/yourusername/truecaller-lite/pkg/dao/mem/user_mem.go:31.40,33.3 1 1
github.com/yourusername/truecaller-lite/pkg/dao/mem/user_mem.go:34.2,35.17 2 1
github.com/yourusername/truecaller-lite/pkg/dao/mem/user_mem.go:35.17,37.3 1 0
github.com/yourusername/truecaller-lite/pkg/dao/mem/user_mem.go:38.2,43.12 5 1
github.com/yourusername/truecaller-lite/pkg/dao/mem/user_mem.go:47.108,48.22 1 1
github.com/yourusername/truecaller-lite/pkg/dao/mem/user_mem.go:48.22,50.3 1 0
github.com/yourusername/truecaller-lite/pkg/dao/mem/user_mem.go:51.2,54.9 4 1
github.com/yourusername/truecaller-lite/pkg/dao/mem/user_mem.go:54.9,56.3 1 1
github.com/yourusername/truecaller-lite/pkg/dao/mem/user_mem.go:58.2,59.23 2 1
github.com/yourusername/truecaller-lite/pkg/dao/mem/user_mem.go:63.81,64.22 1 0
github.com/yourusername/truecaller-lite/pkg/dao/mem/user_mem.go:64.22,66.3 1 0
github.com/yourusername/truecaller-lite/pkg/dao/mem/user_mem.go:67.2,70.33 4 0
github.com/yourusername/truecaller-lite/pkg/dao/mem/user_mem.go:70.33,73.3 2 0
github.com/yourusername/truecaller-lite/pkg/dao/mem/user_mem.go:74.2,74.20 1 0
github.com/yourusername/truecaller-lite/pkg/dao/mem/user_mem.go:78.101,79.22 1 1
github.com/yourusername/truecaller-lite/pkg/dao/mem/user_mem.go:79.22,81.3 1 0
github.com/yourusername/truecaller-lite/pkg/dao/mem/user_mem.go:82.2,85.9 4 1
github.com/yourusername/truecaller-lite/pkg/dao/mem/user_mem.go:85.9,87.3 1 0
github.com/yourusername/truecaller-lite/pkg/dao/mem/user_mem.go:88.2,89.12 2 1
github.com/yourusername/truecaller-lite/pkg/dao/mock/phonebook_dao_mock.go:15.108,16.40 1 0
github.com/yourusername/truecaller-lite/pkg/dao/mock/phonebook_dao_mock.go:16.40,18.3 1 0
github.com/yourusername/truecaller-lite/pkg/dao/mock/phonebook_dao_mock.go:19.2,19.12 1 0
github.com/yourusername/truecaller-lite/pkg/dao/mock/phonebook_dao_mock.go:22.126,23.46 1 0
github.com/yourusername/truecaller-lite/pkg/dao/mock/phonebook_dao_mock.go:23.46,25.3 1 0
github.com/yourusername/truecaller-lite/pkg/dao/mock/phonebook_dao_mock.go:26.2,26.17 1 0
github.com/yourusername/truecaller-lite/pkg/dao/mock/user_dao_mock.go:17.88,18.35 1 0
github.com/yourusername/truecaller-lite/pkg/dao/mock/user_dao_mock.go:18.35,20.3 1 0
github.com/yourusername/truecaller-lite/pkg/dao/mock/user_dao_mock.go:21.2,21.12 1 0
github.com/yourusername/truecaller-lite/pkg/dao/mock/user_dao_mock.go:24.107,25.37 1 0
github.com/yourusername/truecaller-lite/pkg/dao/mock/user_dao_mock.go:25.37,27.3 1 0
github.com/yourusername/truecaller-lite/pkg/dao/mock/user_dao_mock.go:28.2,28.17 1 0
github.com/yourusername/truecaller-lite/pkg/dao/mock/user_dao_mock.go:31.80,32.28 1 0
github.com/yourusername/truecaller-lite/pkg/dao/mock/user_dao_mock.go:32.28,34.3 1 0
github.com/yourusername/truecaller-lite/pkg/dao/mock/user_dao_mock.go:35.2,35.17 1 0
github.com/yourusername/truecaller-lite/pkg/dao/mock/user_dao_mock.go:38.100,39.33 1 0
github.com/yourusername/truecaller-lite/pkg/dao/mock/user_dao_mock.go:39.33,41.3 1 0
github.com/yourusername/truecaller-lite/pkg/dao/mock/user_dao_mock.go:42.2,42.12 1 0
github.com/yourusername/truecaller-lite/pkg/service/user_service.go:26.85,28.2 1 0
github.com/yourusername/truecaller-lite/pkg/service/user_service.go:31.117,32.22 1 0
github.com/yourusername/truecaller-lite/pkg/service/user_service.go:32.22,34.3 1 0
github.com/yourusername/truecaller-lite/pkg/service/user_service.go:35.2,36.41 2 0
github.com/yourusername/truecaller-lite/pkg/service/user_service.go:36.41,38.3 1 0
github.com/yourusername/truecaller-lite/pkg/service/user_service.go:39.2,39.29 1 0
github.com/yourusername/truecaller-lite/pkg/service/user_service.go:39.29,40.38 1 0
github.com/yourusername/truecaller-lite/pkg/service/user_service.go:40.38,42.4 1 0
github.com/yourusername/truecaller-lite/pkg/service/user_service.go:44.2,45.72 2 0
github.com/yourusername/truecaller-lite/pkg/service/user_service.go:45.72,47.3 1 0
github.com/yourusername/truecaller-lite/pkg/service/user_service.go:48.2,48.12 1 0
github.com/yourusername/truecaller-lite/pkg/service/user_service.go:52.97,53.22 1 0
github.com/yourusername/truecaller-lite/pkg/service/user_service.go:53.22,55.3 1 0
github.com/yourusername/truecaller-lite/pkg/service/user_service.go:56.2,57.39 2 0
github.com/yourusername/truecaller-lite/pkg/service/user_service.go:57.39,59.3 1 0
github.com/yourusername/truecaller-lite/pkg/service/user_service.go:60.2,61.16 2 0
github.com/yourusername/truecaller-lite/pkg/service/user_service.go:61.16,62.48 1 0
github.com/yourusername/truecaller-lite/pkg/service/user_service.go:62.48,64.4 1 0
github.com/yourusername/truecaller-lite/pkg/service/user_service.go:65.3,65.24 1 0
github.com/yourusername/truecaller-lite/pkg/service/user_service.go:67.2,67.46 1 0
github.com/yourusername/truecaller-lite/pkg/models/phonebook.go:19.36,22.2 2 1
github.com/yourusername/truecaller-lite/pkg/models/phonebook.go:25.43,26.14 1 1
github.com/yourusername/truecaller-lite/pkg/models/phonebook.go:26.14,28.3 1 0
github.com/yourusername/truecaller-lite/pkg/models/phonebook.go:29.2,29.22 1 1
github.com/yourusername/truecaller-lite/pkg/models/phonebook.go:33.36,34.14 1 1
github.com/yourusername/truecaller-lite/pkg/models/phonebook.go:34.14,36.3 1 0
github.com/yourusername/truecaller-lite/pkg/models/phonebook.go:37.2,37.15 1 1
github.com/yourusername/truecaller-lite/pkg/models/phonebook.go:52.39,53.92 1 1
github.com/yourusername/truecaller-lite/pkg/models/phonebook.go:53.92,55.3 1 1
github.com/yourusername/truecaller-lite/pkg/models/phonebook.go:56.2,56.37 1 1
github.com/yourusername/truecaller-lite/pkg/models/phonebook.go:56.37,57.38 1 1
github.com/yourusername/truecaller-lite/pkg/models/phonebook.go:57.38,59.4 1 1
github.com/yourusername/truecaller-lite/pkg/models/phonebook.go:61.2,61.12 1 1
github.com/yourusername/truecaller-lite/pkg/models/phonebook.go:65.46,66.15 1 1
github.com/yourusername/truecaller-lite/pkg/models/phonebook.go:66.15,68.3 1 0
github.com/yourusername/truecaller-lite/pkg/models/phonebook.go:69.2,69.23 1 1
github.com/yourusername/truecaller-lite/pkg/models/phonebook.go:73.46,74.15 1 1
github.com/yourusername/truecaller-lite/pkg/models/phonebook.go:74.15,76.3 1 0
github.com/yourusername/truecaller-lite/pkg/models/phonebook.go:77.2,77.20 1 1
github.com/yourusername/truecaller-lite/pkg/models/user.go:24.33,25.83 1 1
github.com/yourusername/truecaller-lite/pkg/models/user.go:25.83,27.3 1 1
github.com/yourusername/truecaller-lite/pkg/models/user.go:28.2,28.74 1 1
github.com/yourusername/truecaller-lite/pkg/models/user.go:28.74,30.3 1 1
github.com/yourusername/truecaller-lite/pkg/models/user.go:31.2,31.46 1 1
github.com/yourusername/truecaller-lite/pkg/models/user.go:31.46,33.3 1 1
github.com/yourusername/truecaller-lite/pkg/models/user.go:34.2,34.28 1 1
github.com/yourusername/truecaller-lite/pkg/models/user.go:34.28,36.3 1 1
github.com/yourusername/truecaller-lite/pkg/models/user.go:37.2,37.12 1 1
github.com/yourusername/truecaller-lite/pkg/models/user.go:41.40,42.14 1 1
github.com/yourusername/truecaller-lite/pkg/models/user.go:42.14,44.3 1 0
github.com/yourusername/truecaller-lite/pkg/models/user.go:45.2,45.22 1 1
github.com/yourusername/truecaller-lite/pkg/models/user.go:49.33,50.14 1 1
github.com/yourusername/truecaller-lite/pkg/models/user.go:50.14,52.3 1 0
github.com/yourusername/truecaller-lite/pkg/models/user.go:53.2,53.15 1 1
github.com/yourusername/truecaller-lite/pkg/models/user.go:57.33,58.14 1 0
github.com/yourusername/truecaller-lite/pkg/models/user.go:58.14,60.3 1 0
github.com/yourusername/truecaller-lite/pkg/models/user.go:61.2,61.17 1 0
